#! /usr/bin/vvp
:ivl_version "12.0 (stable)";
:ivl_delay_selection "TYPICAL";
:vpi_time_precision - 12;
:vpi_module "/usr/lib/x86_64-linux-gnu/ivl/system.vpi";
:vpi_module "/usr/lib/x86_64-linux-gnu/ivl/vhdl_sys.vpi";
:vpi_module "/usr/lib/x86_64-linux-gnu/ivl/vhdl_textio.vpi";
:vpi_module "/usr/lib/x86_64-linux-gnu/ivl/v2005_math.vpi";
:vpi_module "/usr/lib/x86_64-linux-gnu/ivl/va_math.vpi";
S_0x56273b64ada0 .scope module, "and_4bit_tb" "and_4bit_tb" 2 2;
 .timescale -9 -12;
v0x56273b66fb10_0 .var "A", 3 0;
v0x56273b66fc00_0 .var "B", 3 0;
v0x56273b66fcd0_0 .net "Y", 3 0, L_0x56273b66fdd0;  1 drivers
S_0x56273b6254c0 .scope module, "uut" "and_4bit" 2 6, 3 1 0, S_0x56273b64ada0;
 .timescale -9 -12;
    .port_info 0 /INPUT 4 "A";
    .port_info 1 /INPUT 4 "B";
    .port_info 2 /OUTPUT 4 "Y";
L_0x56273b66fdd0 .functor AND 4, v0x56273b66fb10_0, v0x56273b66fc00_0, C4<1111>, C4<1111>;
v0x56273b6256f0_0 .net "A", 3 0, v0x56273b66fb10_0;  1 drivers
v0x56273b66f8f0_0 .net "B", 3 0, v0x56273b66fc00_0;  1 drivers
v0x56273b66f9d0_0 .net "Y", 3 0, L_0x56273b66fdd0;  alias, 1 drivers
    .scope S_0x56273b64ada0;
T_0 ;
    %vpi_call 2 9 "$dumpfile", "and_4bit.vcd" {0 0 0};
    %vpi_call 2 10 "$dumpvars", 32'sb00000000000000000000000000000000, S_0x56273b64ada0 {0 0 0};
    %pushi/vec4 0, 0, 4;
    %store/vec4 v0x56273b66fb10_0, 0, 4;
    %pushi/vec4 0, 0, 4;
    %store/vec4 v0x56273b66fc00_0, 0, 4;
    %delay 10000, 0;
    %pushi/vec4 10, 0, 4;
    %store/vec4 v0x56273b66fb10_0, 0, 4;
    %pushi/vec4 12, 0, 4;
    %store/vec4 v0x56273b66fc00_0, 0, 4;
    %delay 10000, 0;
    %pushi/vec4 15, 0, 4;
    %store/vec4 v0x56273b66fb10_0, 0, 4;
    %pushi/vec4 15, 0, 4;
    %store/vec4 v0x56273b66fc00_0, 0, 4;
    %delay 10000, 0;
    %vpi_call 2 16 "$finish" {0 0 0};
    %end;
    .thread T_0;
# The file index is used to find the file name in the following table.
:file_names 4;
    "N/A";
    "<interactive>";
    "and_4bit_tb.v";
    "and_4bit.v";
