#! /usr/bin/vvp
:ivl_version "12.0 (stable)";
:ivl_delay_selection "TYPICAL";
:vpi_time_precision - 12;
:vpi_module "/usr/lib/x86_64-linux-gnu/ivl/system.vpi";
:vpi_module "/usr/lib/x86_64-linux-gnu/ivl/vhdl_sys.vpi";
:vpi_module "/usr/lib/x86_64-linux-gnu/ivl/vhdl_textio.vpi";
:vpi_module "/usr/lib/x86_64-linux-gnu/ivl/v2005_math.vpi";
:vpi_module "/usr/lib/x86_64-linux-gnu/ivl/va_math.vpi";
S_0x5e0ac66dc490 .scope module, "arithmetic_shifter_4bit_tb" "arithmetic_shifter_4bit_tb" 2 2;
 .timescale -9 -12;
v0x5e0ac6729fb0_0 .var "A", 3 0;
v0x5e0ac672a090_0 .var "B", 3 0;
v0x5e0ac672a160_0 .net "X", 3 0, v0x5e0ac6729d30_0;  1 drivers
v0x5e0ac672a260_0 .net "Y", 3 0, v0x5e0ac6729e20_0;  1 drivers
S_0x5e0ac66dc620 .scope module, "uut" "arithmetic_shifter_4bit" 2 6, 3 1 0, S_0x5e0ac66dc490;
 .timescale -9 -12;
    .port_info 0 /INPUT 4 "A";
    .port_info 1 /INPUT 4 "B";
    .port_info 2 /OUTPUT 4 "X";
    .port_info 3 /OUTPUT 4 "Y";
v0x5e0ac67166e0_0 .net "A", 3 0, v0x5e0ac6729fb0_0;  1 drivers
v0x5e0ac6729c50_0 .net "B", 3 0, v0x5e0ac672a090_0;  1 drivers
v0x5e0ac6729d30_0 .var "X", 3 0;
v0x5e0ac6729e20_0 .var "Y", 3 0;
E_0x5e0ac6717390 .event anyedge, v0x5e0ac6729c50_0, v0x5e0ac67166e0_0;
    .scope S_0x5e0ac66dc620;
T_0 ;
    %wait E_0x5e0ac6717390;
    %load/vec4 v0x5e0ac6729c50_0;
    %parti/s 1, 3, 3;
    %pad/u 32;
    %cmpi/e 0, 0, 32;
    %jmp/0xz  T_0.0, 4;
    %load/vec4 v0x5e0ac67166e0_0;
    %load/vec4 v0x5e0ac6729c50_0;
    %parti/s 1, 0, 2;
    %concat/vec4; draw_concat_vec4
    %pad/u 8;
    %load/vec4 v0x5e0ac6729c50_0;
    %parti/s 2, 1, 2;
    %ix/vec4 4;
    %shiftl 4;
    %split/vec4 4;
    %store/vec4 v0x5e0ac6729d30_0, 0, 4;
    %store/vec4 v0x5e0ac6729e20_0, 0, 4;
    %jmp T_0.1;
T_0.0 ;
    %load/vec4 v0x5e0ac6729c50_0;
    %parti/s 1, 0, 2;
    %load/vec4 v0x5e0ac67166e0_0;
    %concat/vec4; draw_concat_vec4
    %pad/u 8;
    %load/vec4 v0x5e0ac6729c50_0;
    %parti/s 2, 1, 2;
    %ix/vec4 4;
    %shiftr 4;
    %split/vec4 4;
    %store/vec4 v0x5e0ac6729e20_0, 0, 4;
    %store/vec4 v0x5e0ac6729d30_0, 0, 4;
T_0.1 ;
    %jmp T_0;
    .thread T_0, $push;
    .scope S_0x5e0ac66dc490;
T_1 ;
    %vpi_call 2 9 "$dumpfile", "arithmetic_shifter_4bit.vcd" {0 0 0};
    %vpi_call 2 10 "$dumpvars", 32'sb00000000000000000000000000000000, S_0x5e0ac66dc490 {0 0 0};
    %pushi/vec4 11, 0, 4;
    %store/vec4 v0x5e0ac6729fb0_0, 0, 4;
    %pushi/vec4 6, 0, 4;
    %store/vec4 v0x5e0ac672a090_0, 0, 4;
    %delay 10000, 0;
    %pushi/vec4 13, 0, 4;
    %store/vec4 v0x5e0ac6729fb0_0, 0, 4;
    %pushi/vec4 13, 0, 4;
    %store/vec4 v0x5e0ac672a090_0, 0, 4;
    %delay 10000, 0;
    %vpi_call 2 15 "$finish" {0 0 0};
    %end;
    .thread T_1;
# The file index is used to find the file name in the following table.
:file_names 4;
    "N/A";
    "<interactive>";
    "arithmetic_shifter_4bit_tb.v";
    "arithmetic_shifter_4bit.v";
