#! /usr/bin/vvp
:ivl_version "12.0 (stable)";
:ivl_delay_selection "TYPICAL";
:vpi_time_precision - 12;
:vpi_module "/usr/lib/x86_64-linux-gnu/ivl/system.vpi";
:vpi_module "/usr/lib/x86_64-linux-gnu/ivl/vhdl_sys.vpi";
:vpi_module "/usr/lib/x86_64-linux-gnu/ivl/vhdl_textio.vpi";
:vpi_module "/usr/lib/x86_64-linux-gnu/ivl/v2005_math.vpi";
:vpi_module "/usr/lib/x86_64-linux-gnu/ivl/va_math.vpi";
S_0x62ff3e4c8490 .scope module, "divider_4bit_tb" "divider_4bit_tb" 2 2;
 .timescale -9 -12;
v0x62ff3e5176c0_0 .var "A", 3 0;
v0x62ff3e5177a0_0 .var "B", 3 0;
v0x62ff3e517870_0 .net "Quotient", 3 0, L_0x62ff3e527e00;  1 drivers
v0x62ff3e517970_0 .net "Remainder", 3 0, L_0x62ff3e528320;  1 drivers
S_0x62ff3e4c8620 .scope module, "uut" "divider_4bit" 2 6, 3 1 0, S_0x62ff3e4c8490;
 .timescale -9 -12;
    .port_info 0 /INPUT 4 "A";
    .port_info 1 /INPUT 4 "B";
    .port_info 2 /OUTPUT 4 "Quotient";
    .port_info 3 /OUTPUT 4 "Remainder";
v0x62ff3e4c8870_0 .net "A", 3 0, v0x62ff3e5176c0_0;  1 drivers
v0x62ff3e516900_0 .net "B", 3 0, v0x62ff3e5177a0_0;  1 drivers
v0x62ff3e5169e0_0 .net "Quotient", 3 0, L_0x62ff3e527e00;  alias, 1 drivers
v0x62ff3e516ad0_0 .net "Remainder", 3 0, L_0x62ff3e528320;  alias, 1 drivers
v0x62ff3e516bb0_0 .net *"_ivl_0", 31 0, L_0x62ff3e517a40;  1 drivers
L_0x776406cce0a8 .functor BUFT 1, C4<0000>, C4<0>, C4<0>, C4<0>;
v0x62ff3e516ce0_0 .net/2u *"_ivl_10", 3 0, L_0x776406cce0a8;  1 drivers
v0x62ff3e516dc0_0 .net *"_ivl_14", 31 0, L_0x62ff3e528010;  1 drivers
L_0x776406cce0f0 .functor BUFT 1, C4<0000000000000000000000000000>, C4<0>, C4<0>, C4<0>;
v0x62ff3e516ea0_0 .net *"_ivl_17", 27 0, L_0x776406cce0f0;  1 drivers
L_0x776406cce138 .functor BUFT 1, C4<00000000000000000000000000000000>, C4<0>, C4<0>, C4<0>;
v0x62ff3e516f80_0 .net/2u *"_ivl_18", 31 0, L_0x776406cce138;  1 drivers
v0x62ff3e517060_0 .net *"_ivl_20", 0 0, L_0x62ff3e528100;  1 drivers
v0x62ff3e517120_0 .net *"_ivl_22", 3 0, L_0x62ff3e528280;  1 drivers
L_0x776406cce180 .functor BUFT 1, C4<0000>, C4<0>, C4<0>, C4<0>;
v0x62ff3e517200_0 .net/2u *"_ivl_24", 3 0, L_0x776406cce180;  1 drivers
L_0x776406cce018 .functor BUFT 1, C4<0000000000000000000000000000>, C4<0>, C4<0>, C4<0>;
v0x62ff3e5172e0_0 .net *"_ivl_3", 27 0, L_0x776406cce018;  1 drivers
L_0x776406cce060 .functor BUFT 1, C4<00000000000000000000000000000000>, C4<0>, C4<0>, C4<0>;
v0x62ff3e5173c0_0 .net/2u *"_ivl_4", 31 0, L_0x776406cce060;  1 drivers
v0x62ff3e5174a0_0 .net *"_ivl_6", 0 0, L_0x62ff3e527ba0;  1 drivers
v0x62ff3e517560_0 .net *"_ivl_8", 3 0, L_0x62ff3e527d10;  1 drivers
L_0x62ff3e517a40 .concat [ 4 28 0 0], v0x62ff3e5177a0_0, L_0x776406cce018;
L_0x62ff3e527ba0 .cmp/ne 32, L_0x62ff3e517a40, L_0x776406cce060;
L_0x62ff3e527d10 .arith/div 4, v0x62ff3e5176c0_0, v0x62ff3e5177a0_0;
L_0x62ff3e527e00 .functor MUXZ 4, L_0x776406cce0a8, L_0x62ff3e527d10, L_0x62ff3e527ba0, C4<>;
L_0x62ff3e528010 .concat [ 4 28 0 0], v0x62ff3e5177a0_0, L_0x776406cce0f0;
L_0x62ff3e528100 .cmp/ne 32, L_0x62ff3e528010, L_0x776406cce138;
L_0x62ff3e528280 .arith/mod 4, v0x62ff3e5176c0_0, v0x62ff3e5177a0_0;
L_0x62ff3e528320 .functor MUXZ 4, L_0x776406cce180, L_0x62ff3e528280, L_0x62ff3e528100, C4<>;
    .scope S_0x62ff3e4c8490;
T_0 ;
    %vpi_call 2 9 "$dumpfile", "divider_4bit.vcd" {0 0 0};
    %vpi_call 2 10 "$dumpvars", 32'sb00000000000000000000000000000000, S_0x62ff3e4c8490 {0 0 0};
    %pushi/vec4 10, 0, 4;
    %store/vec4 v0x62ff3e5176c0_0, 0, 4;
    %pushi/vec4 2, 0, 4;
    %store/vec4 v0x62ff3e5177a0_0, 0, 4;
    %delay 10000, 0;
    %pushi/vec4 15, 0, 4;
    %store/vec4 v0x62ff3e5176c0_0, 0, 4;
    %pushi/vec4 4, 0, 4;
    %store/vec4 v0x62ff3e5177a0_0, 0, 4;
    %delay 10000, 0;
    %vpi_call 2 14 "$finish" {0 0 0};
    %end;
    .thread T_0;
# The file index is used to find the file name in the following table.
:file_names 4;
    "N/A";
    "<interactive>";
    "divider_4bit_tb.v";
    "divider_4bit.v";
