#! /usr/bin/vvp
:ivl_version "12.0 (stable)";
:ivl_delay_selection "TYPICAL";
:vpi_time_precision - 12;
:vpi_module "/usr/lib/x86_64-linux-gnu/ivl/system.vpi";
:vpi_module "/usr/lib/x86_64-linux-gnu/ivl/vhdl_sys.vpi";
:vpi_module "/usr/lib/x86_64-linux-gnu/ivl/vhdl_textio.vpi";
:vpi_module "/usr/lib/x86_64-linux-gnu/ivl/v2005_math.vpi";
:vpi_module "/usr/lib/x86_64-linux-gnu/ivl/va_math.vpi";
S_0x62bcd72fd490 .scope module, "multiplier_4bit_tb" "multiplier_4bit_tb" 2 2;
 .timescale -9 -12;
v0x62bcd734a950_0 .var "A", 3 0;
v0x62bcd734aa30_0 .var "B", 3 0;
v0x62bcd734aad0_0 .net "Overflow", 3 0, L_0x62bcd734b1b0;  1 drivers
v0x62bcd734abd0_0 .net "Product", 3 0, L_0x62bcd734b040;  1 drivers
S_0x62bcd72fd620 .scope module, "uut" "multiplier_4bit" 2 6, 3 1 0, S_0x62bcd72fd490;
 .timescale -9 -12;
    .port_info 0 /INPUT 4 "A";
    .port_info 1 /INPUT 4 "B";
    .port_info 2 /OUTPUT 4 "Product";
    .port_info 3 /OUTPUT 4 "Overflow";
v0x62bcd72fd870_0 .net "A", 3 0, v0x62bcd734a950_0;  1 drivers
v0x62bcd734a1a0_0 .net "B", 3 0, v0x62bcd734aa30_0;  1 drivers
v0x62bcd734a280_0 .net "Overflow", 3 0, L_0x62bcd734b1b0;  alias, 1 drivers
v0x62bcd734a340_0 .net "Product", 3 0, L_0x62bcd734b040;  alias, 1 drivers
v0x62bcd734a420_0 .net *"_ivl_0", 7 0, L_0x62bcd734aca0;  1 drivers
L_0x73c5f049d018 .functor BUFT 1, C4<0000>, C4<0>, C4<0>, C4<0>;
v0x62bcd734a550_0 .net *"_ivl_3", 3 0, L_0x73c5f049d018;  1 drivers
v0x62bcd734a630_0 .net *"_ivl_4", 7 0, L_0x62bcd734adc0;  1 drivers
L_0x73c5f049d060 .functor BUFT 1, C4<0000>, C4<0>, C4<0>, C4<0>;
v0x62bcd734a710_0 .net *"_ivl_7", 3 0, L_0x73c5f049d060;  1 drivers
v0x62bcd734a7f0_0 .net "full_product", 7 0, L_0x62bcd734af00;  1 drivers
L_0x62bcd734aca0 .concat [ 4 4 0 0], v0x62bcd734a950_0, L_0x73c5f049d018;
L_0x62bcd734adc0 .concat [ 4 4 0 0], v0x62bcd734aa30_0, L_0x73c5f049d060;
L_0x62bcd734af00 .arith/mult 8, L_0x62bcd734aca0, L_0x62bcd734adc0;
L_0x62bcd734b040 .part L_0x62bcd734af00, 0, 4;
L_0x62bcd734b1b0 .part L_0x62bcd734af00, 4, 4;
    .scope S_0x62bcd72fd490;
T_0 ;
    %vpi_call 2 9 "$dumpfile", "multiplier_4bit.vcd" {0 0 0};
    %vpi_call 2 10 "$dumpvars", 32'sb00000000000000000000000000000000, S_0x62bcd72fd490 {0 0 0};
    %pushi/vec4 3, 0, 4;
    %store/vec4 v0x62bcd734a950_0, 0, 4;
    %pushi/vec4 2, 0, 4;
    %store/vec4 v0x62bcd734aa30_0, 0, 4;
    %delay 10000, 0;
    %pushi/vec4 15, 0, 4;
    %store/vec4 v0x62bcd734a950_0, 0, 4;
    %pushi/vec4 15, 0, 4;
    %store/vec4 v0x62bcd734aa30_0, 0, 4;
    %delay 10000, 0;
    %vpi_call 2 14 "$finish" {0 0 0};
    %end;
    .thread T_0;
# The file index is used to find the file name in the following table.
:file_names 4;
    "N/A";
    "<interactive>";
    "multiplier_4bit_tb.v";
    "multiplier_4bit.v";
