#! /usr/bin/vvp
:ivl_version "12.0 (stable)";
:ivl_delay_selection "TYPICAL";
:vpi_time_precision - 12;
:vpi_module "/usr/lib/x86_64-linux-gnu/ivl/system.vpi";
:vpi_module "/usr/lib/x86_64-linux-gnu/ivl/vhdl_sys.vpi";
:vpi_module "/usr/lib/x86_64-linux-gnu/ivl/vhdl_textio.vpi";
:vpi_module "/usr/lib/x86_64-linux-gnu/ivl/v2005_math.vpi";
:vpi_module "/usr/lib/x86_64-linux-gnu/ivl/va_math.vpi";
S_0x655231f2b900 .scope module, "not_4bit_tb" "not_4bit_tb" 2 2;
 .timescale -9 -12;
v0x655231f4f540_0 .var "A", 3 0;
v0x655231f4f600_0 .net "Y", 3 0, L_0x655231f4f6d0;  1 drivers
S_0x655231f064c0 .scope module, "uut" "not_4bit" 2 6, 3 1 0, S_0x655231f2b900;
 .timescale -9 -12;
    .port_info 0 /INPUT 4 "A";
    .port_info 1 /OUTPUT 4 "Y";
L_0x655231f4f6d0 .functor NOT 4, v0x655231f4f540_0, C4<0000>, C4<0000>, C4<0000>;
v0x655231f066a0_0 .net "A", 3 0, v0x655231f4f540_0;  1 drivers
v0x655231f4f400_0 .net "Y", 3 0, L_0x655231f4f6d0;  alias, 1 drivers
    .scope S_0x655231f2b900;
T_0 ;
    %vpi_call 2 9 "$dumpfile", "not_4bit.vcd" {0 0 0};
    %vpi_call 2 10 "$dumpvars", 32'sb00000000000000000000000000000000, S_0x655231f2b900 {0 0 0};
    %pushi/vec4 0, 0, 4;
    %store/vec4 v0x655231f4f540_0, 0, 4;
    %delay 10000, 0;
    %pushi/vec4 10, 0, 4;
    %store/vec4 v0x655231f4f540_0, 0, 4;
    %delay 10000, 0;
    %pushi/vec4 15, 0, 4;
    %store/vec4 v0x655231f4f540_0, 0, 4;
    %delay 10000, 0;
    %vpi_call 2 15 "$finish" {0 0 0};
    %end;
    .thread T_0;
# The file index is used to find the file name in the following table.
:file_names 4;
    "N/A";
    "<interactive>";
    "not_4bit_tb.v";
    "not_4bit.v";
