#! /usr/bin/vvp
:ivl_version "12.0 (stable)";
:ivl_delay_selection "TYPICAL";
:vpi_time_precision - 12;
:vpi_module "/usr/lib/x86_64-linux-gnu/ivl/system.vpi";
:vpi_module "/usr/lib/x86_64-linux-gnu/ivl/vhdl_sys.vpi";
:vpi_module "/usr/lib/x86_64-linux-gnu/ivl/vhdl_textio.vpi";
:vpi_module "/usr/lib/x86_64-linux-gnu/ivl/v2005_math.vpi";
:vpi_module "/usr/lib/x86_64-linux-gnu/ivl/va_math.vpi";
S_0x64869ffd74c0 .scope module, "or_4bit_tb" "or_4bit_tb" 2 2;
 .timescale -9 -12;
v0x6486a0021c70_0 .var "A", 3 0;
v0x6486a0021d60_0 .var "B", 3 0;
v0x6486a0021e30_0 .net "Y", 3 0, L_0x6486a0021f30;  1 drivers
S_0x64869ffd7650 .scope module, "uut" "or_4bit" 2 6, 3 1 0, S_0x64869ffd74c0;
 .timescale -9 -12;
    .port_info 0 /INPUT 4 "A";
    .port_info 1 /INPUT 4 "B";
    .port_info 2 /OUTPUT 4 "Y";
L_0x6486a0021f30 .functor OR 4, v0x6486a0021c70_0, v0x6486a0021d60_0, C4<0000>, C4<0000>;
v0x6486a00118f0_0 .net "A", 3 0, v0x6486a0021c70_0;  1 drivers
v0x6486a0021a50_0 .net "B", 3 0, v0x6486a0021d60_0;  1 drivers
v0x6486a0021b30_0 .net "Y", 3 0, L_0x6486a0021f30;  alias, 1 drivers
    .scope S_0x64869ffd74c0;
T_0 ;
    %vpi_call 2 9 "$dumpfile", "or_4bit.vcd" {0 0 0};
    %vpi_call 2 10 "$dumpvars", 32'sb00000000000000000000000000000000, S_0x64869ffd74c0 {0 0 0};
    %pushi/vec4 0, 0, 4;
    %store/vec4 v0x6486a0021c70_0, 0, 4;
    %pushi/vec4 0, 0, 4;
    %store/vec4 v0x6486a0021d60_0, 0, 4;
    %delay 10000, 0;
    %pushi/vec4 10, 0, 4;
    %store/vec4 v0x6486a0021c70_0, 0, 4;
    %pushi/vec4 12, 0, 4;
    %store/vec4 v0x6486a0021d60_0, 0, 4;
    %delay 10000, 0;
    %pushi/vec4 15, 0, 4;
    %store/vec4 v0x6486a0021c70_0, 0, 4;
    %pushi/vec4 15, 0, 4;
    %store/vec4 v0x6486a0021d60_0, 0, 4;
    %delay 10000, 0;
    %vpi_call 2 15 "$finish" {0 0 0};
    %end;
    .thread T_0;
# The file index is used to find the file name in the following table.
:file_names 4;
    "N/A";
    "<interactive>";
    "or_4bit_tb.v";
    "or_4bit.v";
