#! /usr/bin/vvp
:ivl_version "12.0 (stable)";
:ivl_delay_selection "TYPICAL";
:vpi_time_precision - 12;
:vpi_module "/usr/lib/x86_64-linux-gnu/ivl/system.vpi";
:vpi_module "/usr/lib/x86_64-linux-gnu/ivl/vhdl_sys.vpi";
:vpi_module "/usr/lib/x86_64-linux-gnu/ivl/vhdl_textio.vpi";
:vpi_module "/usr/lib/x86_64-linux-gnu/ivl/v2005_math.vpi";
:vpi_module "/usr/lib/x86_64-linux-gnu/ivl/va_math.vpi";
S_0x652e05c8d490 .scope module, "subtractor_4bit_tb" "subtractor_4bit_tb" 2 2;
 .timescale -9 -12;
v0x652e05cd9b60_0 .var "A", 3 0;
v0x652e05cd9c40_0 .var "B", 3 0;
v0x652e05cd9d10_0 .net "Borrow", 0 0, L_0x652e05cd9ee0;  1 drivers
v0x652e05cd9e10_0 .net "Diff", 3 0, L_0x652e05cd9f80;  1 drivers
S_0x652e05c8d620 .scope module, "uut" "subtractor_4bit" 2 7, 3 1 0, S_0x652e05c8d490;
 .timescale -9 -12;
    .port_info 0 /INPUT 4 "A";
    .port_info 1 /INPUT 4 "B";
    .port_info 2 /OUTPUT 4 "Diff";
    .port_info 3 /OUTPUT 1 "Borrow";
v0x652e05c8d870_0 .net "A", 3 0, v0x652e05cd9b60_0;  1 drivers
v0x652e05cd93a0_0 .net "B", 3 0, v0x652e05cd9c40_0;  1 drivers
v0x652e05cd9480_0 .net "Borrow", 0 0, L_0x652e05cd9ee0;  alias, 1 drivers
v0x652e05cd9550_0 .net "Diff", 3 0, L_0x652e05cd9f80;  alias, 1 drivers
L_0x787088ece060 .functor BUFT 1, C4<0>, C4<0>, C4<0>, C4<0>;
v0x652e05cd9630_0 .net *"_ivl_10", 0 0, L_0x787088ece060;  1 drivers
v0x652e05cd9760_0 .net *"_ivl_11", 4 0, L_0x652e05cda370;  1 drivers
L_0x787088ece018 .functor BUFT 1, C4<0>, C4<0>, C4<0>, C4<0>;
v0x652e05cd9840_0 .net/2u *"_ivl_3", 0 0, L_0x787088ece018;  1 drivers
v0x652e05cd9920_0 .net *"_ivl_5", 4 0, L_0x652e05cda0c0;  1 drivers
v0x652e05cd9a00_0 .net *"_ivl_7", 4 0, L_0x652e05cda200;  1 drivers
L_0x652e05cd9ee0 .part L_0x652e05cda370, 4, 1;
L_0x652e05cd9f80 .part L_0x652e05cda370, 0, 4;
L_0x652e05cda0c0 .concat [ 4 1 0 0], v0x652e05cd9b60_0, L_0x787088ece018;
L_0x652e05cda200 .concat [ 4 1 0 0], v0x652e05cd9c40_0, L_0x787088ece060;
L_0x652e05cda370 .arith/sub 5, L_0x652e05cda0c0, L_0x652e05cda200;
    .scope S_0x652e05c8d490;
T_0 ;
    %vpi_call 2 10 "$dumpfile", "subtractor_4bit.vcd" {0 0 0};
    %vpi_call 2 11 "$dumpvars", 32'sb00000000000000000000000000000000, S_0x652e05c8d490 {0 0 0};
    %pushi/vec4 10, 0, 4;
    %store/vec4 v0x652e05cd9b60_0, 0, 4;
    %pushi/vec4 4, 0, 4;
    %store/vec4 v0x652e05cd9c40_0, 0, 4;
    %delay 10000, 0;
    %pushi/vec4 3, 0, 4;
    %store/vec4 v0x652e05cd9b60_0, 0, 4;
    %pushi/vec4 4, 0, 4;
    %store/vec4 v0x652e05cd9c40_0, 0, 4;
    %delay 10000, 0;
    %vpi_call 2 15 "$finish" {0 0 0};
    %end;
    .thread T_0;
# The file index is used to find the file name in the following table.
:file_names 4;
    "N/A";
    "<interactive>";
    "subtractor_4bit_tb.v";
    "subtractor_4bit.v";
