#! /usr/bin/vvp
:ivl_version "12.0 (stable)";
:ivl_delay_selection "TYPICAL";
:vpi_time_precision - 12;
:vpi_module "/usr/lib/x86_64-linux-gnu/ivl/system.vpi";
:vpi_module "/usr/lib/x86_64-linux-gnu/ivl/vhdl_sys.vpi";
:vpi_module "/usr/lib/x86_64-linux-gnu/ivl/vhdl_textio.vpi";
:vpi_module "/usr/lib/x86_64-linux-gnu/ivl/v2005_math.vpi";
:vpi_module "/usr/lib/x86_64-linux-gnu/ivl/va_math.vpi";
S_0x5a949ab9a4c0 .scope module, "xnor_4bit_tb" "xnor_4bit_tb" 2 2;
 .timescale -9 -12;
v0x5a949abe5190_0 .var "A", 3 0;
v0x5a949abe5280_0 .var "B", 3 0;
v0x5a949abe5350_0 .net "Y", 3 0, L_0x5a949abe5590;  1 drivers
S_0x5a949ab9a650 .scope module, "uut" "xnor_4bit" 2 6, 3 1 0, S_0x5a949ab9a4c0;
 .timescale -9 -12;
    .port_info 0 /INPUT 4 "A";
    .port_info 1 /INPUT 4 "B";
    .port_info 2 /OUTPUT 4 "Y";
L_0x5a949abe5450 .functor XOR 4, v0x5a949abe5190_0, v0x5a949abe5280_0, C4<0000>, C4<0000>;
L_0x5a949abe5590 .functor NOT 4, L_0x5a949abe5450, C4<0000>, C4<0000>, C4<0000>;
v0x5a949abd48f0_0 .net "A", 3 0, v0x5a949abe5190_0;  1 drivers
v0x5a949abe4e90_0 .net "B", 3 0, v0x5a949abe5280_0;  1 drivers
v0x5a949abe4f70_0 .net "Y", 3 0, L_0x5a949abe5590;  alias, 1 drivers
v0x5a949abe5030_0 .net *"_ivl_0", 3 0, L_0x5a949abe5450;  1 drivers
    .scope S_0x5a949ab9a4c0;
T_0 ;
    %vpi_call 2 9 "$dumpfile", "xnor_4bit.vcd" {0 0 0};
    %vpi_call 2 10 "$dumpvars", 32'sb00000000000000000000000000000000, S_0x5a949ab9a4c0 {0 0 0};
    %pushi/vec4 0, 0, 4;
    %store/vec4 v0x5a949abe5190_0, 0, 4;
    %pushi/vec4 0, 0, 4;
    %store/vec4 v0x5a949abe5280_0, 0, 4;
    %delay 10000, 0;
    %pushi/vec4 10, 0, 4;
    %store/vec4 v0x5a949abe5190_0, 0, 4;
    %pushi/vec4 12, 0, 4;
    %store/vec4 v0x5a949abe5280_0, 0, 4;
    %delay 10000, 0;
    %pushi/vec4 15, 0, 4;
    %store/vec4 v0x5a949abe5190_0, 0, 4;
    %pushi/vec4 15, 0, 4;
    %store/vec4 v0x5a949abe5280_0, 0, 4;
    %delay 10000, 0;
    %vpi_call 2 15 "$finish" {0 0 0};
    %end;
    .thread T_0;
# The file index is used to find the file name in the following table.
:file_names 4;
    "N/A";
    "<interactive>";
    "xnor_4bit_tb.v";
    "xnor_4bit.v";
